<?xml version="1.0" encoding="UTF-8"?>
<!-- Generated by org.testng.reporters.JUnitXMLReporter -->
<testsuite ignored="0" hostname="RajpootBhai" failures="0" tests="5" name="Default test" time="152.549" errors="0" timestamp="10 Jan 2021 04:27:22 GMT">
  <testcase classname="com.wellsfargo.testcases.TestCases" name="SignOnPage" time="32.061"/>
  <testcase classname="com.wellsfargo.testcases.TestCases" name="EnrollInWellsFargoOnlinePage" time="43.364"/>
  <testcase classname="com.wellsfargo.testcases.TestCases" name="CustomerServicePage" time="24.354"/>
  <testcase classname="com.wellsfargo.testcases.TestCases" name="ATMAndBankingLocationsPage" time="13.321"/>
  <testcase classname="com.wellsfargo.testcases.TestCases" name="españolInicieSesión" time="4.548"/>
</testsuite> <!-- Default test -->
