<?xml version="1.0" encoding="UTF-8"?>
<!-- Generated by org.testng.reporters.JUnitXMLReporter -->
<testsuite ignored="0" hostname="RajpootBhai" failures="0" tests="5" name="Test" time="129.05" errors="0" timestamp="10 Jan 2021 07:00:49 GMT">
  <testcase classname="com.wellsfargo.testcases.TestCases" name="SignOnPage" time="21.745"/>
  <testcase classname="com.wellsfargo.testcases.TestCases" name="EnrollInWellsFargoOnlinePage" time="25.207"/>
  <testcase classname="com.wellsfargo.testcases.TestCases" name="CustomerServicePage" time="11.301"/>
  <testcase classname="com.wellsfargo.testcases.TestCases" name="ATMAndBankingLocationsPage" time="17.179"/>
  <testcase classname="com.wellsfargo.testcases.TestCases" name="españolInicieSesión" time="22.241"/>
</testsuite> <!-- Test -->
