<?xml version="1.0" encoding="UTF-8"?>
<!-- Generated by org.testng.reporters.JUnitXMLReporter -->
<testsuite ignored="0" hostname="RajpootBhai" failures="0" tests="5" name="Test" time="102.721" errors="0" timestamp="10 Jan 2021 08:14:24 GMT">
  <testcase classname="com.wellsfargo.testcases.TestCases" name="SignOnPage" time="22.15"/>
  <testcase classname="com.wellsfargo.testcases.TestCases" name="EnrollInWellsFargoOnlinePage" time="24.776"/>
  <testcase classname="com.wellsfargo.testcases.TestCases" name="CustomerServicePage" time="9.807"/>
  <testcase classname="com.wellsfargo.testcases.TestCases" name="ATMAndBankingLocationsPage" time="14.991"/>
  <testcase classname="com.wellsfargo.testcases.TestCases" name="españolInicieSesión" time="2.735"/>
</testsuite> <!-- Test -->
